<?xml version="1.0" encoding="UTF-8"?>
<!-- Generated by org.testng.reporters.JUnitReportReporter -->
<testsuite skipped="0" hostname="DESKTOP-CQ7EQ4C" name="testCases.ExecuteTest" tests="1" failures="0" timestamp="17 Mar 2018 10:39:28 GMT" time="26.423" errors="0">
  <testcase name="testLogin" time="26.423" classname="testCases.ExecuteTest"/>
</testsuite> <!-- testCases.ExecuteTest -->
